\BOOKMARK [1][-]{section.1}{Introduction}{}% 1
\BOOKMARK [1][-]{section.2}{Scope and Architecture}{}% 2
\BOOKMARK [2][-]{subsection.2.1}{Scope}{section.2}% 3
\BOOKMARK [2][-]{subsection.2.2}{Architecture}{section.2}% 4
\BOOKMARK [1][-]{section.3}{Information Retrieval}{}% 5
\BOOKMARK [2][-]{subsection.3.1}{Crawler : S.R. Patra}{section.3}% 6
\BOOKMARK [3][-]{subsubsection.3.1.1}{Motivation}{subsection.3.1}% 7
\BOOKMARK [3][-]{subsubsection.3.1.2}{Approach}{subsection.3.1}% 8
\BOOKMARK [3][-]{subsubsection.3.1.3}{Challenges}{subsection.3.1}% 9
\BOOKMARK [3][-]{subsubsection.3.1.4}{Evaluation \046 Summary}{subsection.3.1}% 10
\BOOKMARK [2][-]{subsection.3.2}{Lucene Search, Wildcard Queries \046 Autocomplete : S.R. Patra}{section.3}% 11
\BOOKMARK [3][-]{subsubsection.3.2.1}{Motivation}{subsection.3.2}% 12
\BOOKMARK [3][-]{subsubsection.3.2.2}{Approach}{subsection.3.2}% 13
\BOOKMARK [3][-]{subsubsection.3.2.3}{Evaluation \046 Summary}{subsection.3.2}% 14
\BOOKMARK [2][-]{subsection.3.3}{Tf-idf: F.N. Butnariu}{section.3}% 15
\BOOKMARK [3][-]{subsubsection.3.3.1}{Motivation}{subsection.3.3}% 16
\BOOKMARK [3][-]{subsubsection.3.3.2}{Approach}{subsection.3.3}% 17
\BOOKMARK [3][-]{subsubsection.3.3.3}{Argumentation for choice}{subsection.3.3}% 18
\BOOKMARK [3][-]{subsubsection.3.3.4}{Evaluation of obtained results}{subsection.3.3}% 19
\BOOKMARK [3][-]{subsubsection.3.3.5}{Conclusions}{subsection.3.3}% 20
\BOOKMARK [1][-]{section.4}{Machine Learning}{}% 21
\BOOKMARK [1][-]{section.5}{Conclusion}{}% 22
